[2025-12-10 15:18:00] [CRITICAL] Exception: Class "Database" not found en C:\xampp\htdocs\inventario-autopartes\controllers\PublicController.php línea 17
[2025-12-10 19:47:14] [ERROR] Error: 2 en C:\xampp\htdocs\inventario-autopartes\controllers\PublicController.php línea 44
[2025-12-10 19:47:14] [CRITICAL] Exception: Failed opening required 'C:\xampp\htdocs\inventario-autopartes/views/public/home.php' (include_path='C:\xampp\php\PEAR') en C:\xampp\htdocs\inventario-autopartes\controllers\PublicController.php línea 44
[2025-12-10 19:48:41] [ERROR] Error: 2 en C:\xampp\htdocs\inventario-autopartes\controllers\PublicController.php línea 44
[2025-12-10 19:48:41] [CRITICAL] Exception: Failed opening required 'C:\xampp\htdocs\inventario-autopartes/views/public/home.php' (include_path='C:\xampp\php\PEAR') en C:\xampp\htdocs\inventario-autopartes\controllers\PublicController.php línea 44
[2025-12-10 19:50:16] [CRITICAL] Exception: Class "Validator" not found en C:\xampp\htdocs\inventario-autopartes\models\Usuario.php línea 34
[2025-12-10 19:52:37] [CRITICAL] Exception: Class "Database" not found en C:\xampp\htdocs\inventario-autopartes\controllers\ClienteController.php línea 29
[2025-12-10 19:54:33] [ERROR] Error: 2 en C:\xampp\htdocs\inventario-autopartes\controllers\ClienteController.php línea 77
[2025-12-10 19:54:33] [CRITICAL] Exception: Failed opening required 'C:\xampp\htdocs\inventario-autopartes/views/cliente/dashboard.php' (include_path='C:\xampp\php\PEAR') en C:\xampp\htdocs\inventario-autopartes\controllers\ClienteController.php línea 77
[2025-12-10 19:57:43] [ERROR] Error: 2 en C:\xampp\htdocs\inventario-autopartes\controllers\PublicController.php línea 119
[2025-12-10 19:57:43] [ERROR] Error: 2 en C:\xampp\htdocs\inventario-autopartes\controllers\PublicController.php línea 152
[2025-12-10 19:57:43] [CRITICAL] Exception: Failed opening required 'C:\xampp\htdocs\inventario-autopartes/views/public/catalogo.php' (include_path='C:\xampp\php\PEAR') en C:\xampp\htdocs\inventario-autopartes\controllers\PublicController.php línea 152
[2025-12-11 01:12:40] [ERROR] Error: 2 en C:\xampp\htdocs\inventario-autopartes\controllers\PublicController.php línea 119
[2025-12-11 01:12:40] [ERROR] Error: 2 en C:\xampp\htdocs\inventario-autopartes\controllers\PublicController.php línea 152
[2025-12-11 01:12:40] [CRITICAL] Exception: Failed opening required 'C:\xampp\htdocs\inventario-autopartes/views/public/catalogo.php' (include_path='C:\xampp\php\PEAR') en C:\xampp\htdocs\inventario-autopartes\controllers\PublicController.php línea 152
[2025-12-11 01:12:42] [ERROR] Error: 2 en C:\xampp\htdocs\inventario-autopartes\controllers\ClienteController.php línea 115
[2025-12-11 01:12:42] [CRITICAL] Exception: Failed opening required 'C:\xampp\htdocs\inventario-autopartes/views/cliente/carrito.php' (include_path='C:\xampp\php\PEAR') en C:\xampp\htdocs\inventario-autopartes\controllers\ClienteController.php línea 115
[2025-12-11 01:13:16] [ERROR] Error: 2 en C:\xampp\htdocs\inventario-autopartes\controllers\PublicController.php línea 119
[2025-12-11 01:13:16] [ERROR] Error: 2 en C:\xampp\htdocs\inventario-autopartes\controllers\PublicController.php línea 152
[2025-12-11 01:13:16] [CRITICAL] Exception: Failed opening required 'C:\xampp\htdocs\inventario-autopartes/views/public/catalogo.php' (include_path='C:\xampp\php\PEAR') en C:\xampp\htdocs\inventario-autopartes\controllers\PublicController.php línea 152
[2025-12-11 01:16:07] [ERROR] Error: 2 en C:\xampp\htdocs\inventario-autopartes\controllers\PublicController.php línea 119
[2025-12-11 01:16:07] [ERROR] Error: 2 en C:\xampp\htdocs\inventario-autopartes\controllers\PublicController.php línea 152
[2025-12-11 01:16:07] [CRITICAL] Exception: Failed opening required 'C:\xampp\htdocs\inventario-autopartes/views/public/catalogo.php' (include_path='C:\xampp\php\PEAR') en C:\xampp\htdocs\inventario-autopartes\controllers\PublicController.php línea 152
[2025-12-11 02:14:19] [ERROR] Error: 2 en C:\xampp\htdocs\inventario-autopartes\controllers\PublicController.php línea 119
[2025-12-11 02:14:19] [ERROR] Error: 2 en C:\xampp\htdocs\inventario-autopartes\controllers\PublicController.php línea 152
[2025-12-11 02:14:19] [CRITICAL] Exception: Failed opening required 'C:\xampp\htdocs\inventario-autopartes/views/public/catalogo.php' (include_path='C:\xampp\php\PEAR') en C:\xampp\htdocs\inventario-autopartes\controllers\PublicController.php línea 152
[2025-12-11 02:14:53] [ERROR] Error: 2 en C:\xampp\htdocs\inventario-autopartes\controllers\PublicController.php línea 119
[2025-12-11 02:17:35] [ERROR] Error: 2 en C:\xampp\htdocs\inventario-autopartes\controllers\PublicController.php línea 119
[2025-12-11 02:17:36] [ERROR] Error: 2 en C:\xampp\htdocs\inventario-autopartes\controllers\PublicController.php línea 119
[2025-12-11 02:17:38] [ERROR] Error: 2 en C:\xampp\htdocs\inventario-autopartes\controllers\PublicController.php línea 119
[2025-12-11 02:23:27] [ERROR] Error: 2 en C:\xampp\htdocs\inventario-autopartes\controllers\AdminController.php línea 292
[2025-12-11 02:23:27] [CRITICAL] Exception: Failed opening required 'C:\xampp\htdocs\inventario-autopartes/views/admin/configuracion.php' (include_path='C:\xampp\php\PEAR') en C:\xampp\htdocs\inventario-autopartes\controllers\AdminController.php línea 292
[2025-12-11 02:27:09] [CRITICAL] Exception: Class "Database" not found en C:\xampp\htdocs\inventario-autopartes\controllers\OperadorController.php línea 25
[2025-12-11 02:31:05] [CRITICAL] Exception: Class "Database" not found en C:\xampp\htdocs\inventario-autopartes\controllers\OperadorController.php línea 25
[2025-12-11 02:31:12] [ERROR] Error: 2 en C:\xampp\htdocs\inventario-autopartes\controllers\PublicController.php línea 119
[2025-12-11 02:31:12] [ERROR] Error: 2 en C:\xampp\htdocs\inventario-autopartes\views\public\catalogo.php línea 10
[2025-12-11 02:31:12] [CRITICAL] Exception: Failed opening required 'C:\xampp\htdocs\inventario-autopartes/views/publico/layouts/header.php' (include_path='C:\xampp\php\PEAR') en C:\xampp\htdocs\inventario-autopartes\views\public\catalogo.php línea 10
[2025-12-11 02:31:14] [ERROR] Error: 2 en C:\xampp\htdocs\inventario-autopartes\controllers\PublicController.php línea 119
[2025-12-11 02:31:14] [ERROR] Error: 2 en C:\xampp\htdocs\inventario-autopartes\views\public\catalogo.php línea 10
[2025-12-11 02:31:14] [CRITICAL] Exception: Failed opening required 'C:\xampp\htdocs\inventario-autopartes/views/publico/layouts/header.php' (include_path='C:\xampp\php\PEAR') en C:\xampp\htdocs\inventario-autopartes\views\public\catalogo.php línea 10
[2025-12-11 02:33:24] [ERROR] Error: 2 en C:\xampp\htdocs\inventario-autopartes\controllers\PublicController.php línea 119
[2025-12-11 02:33:24] [CRITICAL] Exception: syntax error, unexpected token "require_once" en C:\xampp\htdocs\inventario-autopartes\views\public\catalogo.php línea 449
[2025-12-11 02:34:13] [ERROR] Error: 2 en C:\xampp\htdocs\inventario-autopartes\controllers\PublicController.php línea 119
[2025-12-11 02:34:13] [ERROR] Error: 2 en C:\xampp\htdocs\inventario-autopartes\views\public\catalogo.php línea 72
[2025-12-11 02:34:13] [ERROR] Error: 2 en C:\xampp\htdocs\inventario-autopartes\views\public\catalogo.php línea 72
[2025-12-11 02:34:13] [ERROR] Error: 2 en C:\xampp\htdocs\inventario-autopartes\views\public\catalogo.php línea 72
[2025-12-11 02:34:13] [ERROR] Error: 2 en C:\xampp\htdocs\inventario-autopartes\views\public\catalogo.php línea 72
[2025-12-11 02:34:13] [ERROR] Error: 2 en C:\xampp\htdocs\inventario-autopartes\views\public\catalogo.php línea 72
[2025-12-11 02:34:13] [ERROR] Error: 2 en C:\xampp\htdocs\inventario-autopartes\views\public\catalogo.php línea 72
[2025-12-11 02:34:13] [ERROR] Error: 2 en C:\xampp\htdocs\inventario-autopartes\views\public\catalogo.php línea 72
[2025-12-11 02:34:13] [ERROR] Error: 2 en C:\xampp\htdocs\inventario-autopartes\views\public\catalogo.php línea 72
[2025-12-11 02:34:13] [ERROR] Error: 2 en C:\xampp\htdocs\inventario-autopartes\views\public\catalogo.php línea 72
[2025-12-11 02:34:13] [ERROR] Error: 2 en C:\xampp\htdocs\inventario-autopartes\views\public\catalogo.php línea 72
[2025-12-11 02:34:13] [ERROR] Error: 2 en C:\xampp\htdocs\inventario-autopartes\views\public\catalogo.php línea 72
[2025-12-11 02:34:13] [ERROR] Error: 2 en C:\xampp\htdocs\inventario-autopartes\views\public\catalogo.php línea 72
[2025-12-11 02:34:13] [ERROR] Error: 2 en C:\xampp\htdocs\inventario-autopartes\views\public\catalogo.php línea 72
[2025-12-11 02:34:13] [ERROR] Error: 2 en C:\xampp\htdocs\inventario-autopartes\views\public\catalogo.php línea 72
[2025-12-11 02:34:13] [ERROR] Error: 2 en C:\xampp\htdocs\inventario-autopartes\views\public\catalogo.php línea 72
[2025-12-11 02:34:13] [ERROR] Error: 2 en C:\xampp\htdocs\inventario-autopartes\views\public\catalogo.php línea 72
[2025-12-11 02:34:13] [ERROR] Error: 2 en C:\xampp\htdocs\inventario-autopartes\views\public\catalogo.php línea 98
[2025-12-11 02:34:13] [ERROR] Error: 2 en C:\xampp\htdocs\inventario-autopartes\views\public\catalogo.php línea 98
[2025-12-11 02:34:13] [ERROR] Error: 2 en C:\xampp\htdocs\inventario-autopartes\views\public\catalogo.php línea 143
[2025-12-11 02:34:13] [ERROR] Error: 2 en C:\xampp\htdocs\inventario-autopartes\views\public\catalogo.php línea 143
[2025-12-11 02:34:13] [ERROR] Error: 2 en C:\xampp\htdocs\inventario-autopartes\views\public\catalogo.php línea 143
[2025-12-11 02:34:13] [ERROR] Error: 2 en C:\xampp\htdocs\inventario-autopartes\views\public\catalogo.php línea 143
[2025-12-11 02:34:13] [ERROR] Error: 2 en C:\xampp\htdocs\inventario-autopartes\views\public\catalogo.php línea 143
[2025-12-11 02:34:13] [ERROR] Error: 2 en C:\xampp\htdocs\inventario-autopartes\views\public\catalogo.php línea 143
[2025-12-11 02:34:13] [ERROR] Error: 2 en C:\xampp\htdocs\inventario-autopartes\views\public\catalogo.php línea 143
[2025-12-11 02:34:13] [ERROR] Error: 2 en C:\xampp\htdocs\inventario-autopartes\views\public\catalogo.php línea 143
[2025-12-11 02:34:13] [ERROR] Error: 2 en C:\xampp\htdocs\inventario-autopartes\views\public\catalogo.php línea 158
[2025-12-11 02:34:13] [CRITICAL] Exception: Call to undefined method PublicController::buildUrl() en C:\xampp\htdocs\inventario-autopartes\views\public\catalogo.php línea 164
[2025-12-11 02:40:07] [CRITICAL] Exception: Class "Database" not found en C:\xampp\htdocs\inventario-autopartes\controllers\OperadorController.php línea 25
[2025-12-11 02:40:09] [ERROR] Error: 2 en C:\xampp\htdocs\inventario-autopartes\controllers\PublicController.php línea 119
[2025-12-11 02:40:09] [ERROR] Error: 2 en C:\xampp\htdocs\inventario-autopartes\views\public\catalogo.php línea 72
[2025-12-11 02:40:09] [ERROR] Error: 2 en C:\xampp\htdocs\inventario-autopartes\views\public\catalogo.php línea 72
[2025-12-11 02:40:09] [ERROR] Error: 2 en C:\xampp\htdocs\inventario-autopartes\views\public\catalogo.php línea 72
[2025-12-11 02:40:09] [ERROR] Error: 2 en C:\xampp\htdocs\inventario-autopartes\views\public\catalogo.php línea 72
[2025-12-11 02:40:09] [ERROR] Error: 2 en C:\xampp\htdocs\inventario-autopartes\views\public\catalogo.php línea 72
[2025-12-11 02:40:09] [ERROR] Error: 2 en C:\xampp\htdocs\inventario-autopartes\views\public\catalogo.php línea 72
[2025-12-11 02:40:09] [ERROR] Error: 2 en C:\xampp\htdocs\inventario-autopartes\views\public\catalogo.php línea 72
[2025-12-11 02:40:09] [ERROR] Error: 2 en C:\xampp\htdocs\inventario-autopartes\views\public\catalogo.php línea 72
[2025-12-11 02:40:09] [ERROR] Error: 2 en C:\xampp\htdocs\inventario-autopartes\views\public\catalogo.php línea 72
[2025-12-11 02:40:09] [ERROR] Error: 2 en C:\xampp\htdocs\inventario-autopartes\views\public\catalogo.php línea 72
[2025-12-11 02:40:09] [ERROR] Error: 2 en C:\xampp\htdocs\inventario-autopartes\views\public\catalogo.php línea 72
[2025-12-11 02:40:09] [ERROR] Error: 2 en C:\xampp\htdocs\inventario-autopartes\views\public\catalogo.php línea 72
[2025-12-11 02:40:09] [ERROR] Error: 2 en C:\xampp\htdocs\inventario-autopartes\views\public\catalogo.php línea 72
[2025-12-11 02:40:09] [ERROR] Error: 2 en C:\xampp\htdocs\inventario-autopartes\views\public\catalogo.php línea 72
[2025-12-11 02:40:09] [ERROR] Error: 2 en C:\xampp\htdocs\inventario-autopartes\views\public\catalogo.php línea 72
[2025-12-11 02:40:09] [ERROR] Error: 2 en C:\xampp\htdocs\inventario-autopartes\views\public\catalogo.php línea 72
[2025-12-11 02:40:09] [ERROR] Error: 2 en C:\xampp\htdocs\inventario-autopartes\views\public\catalogo.php línea 98
[2025-12-11 02:40:09] [ERROR] Error: 2 en C:\xampp\htdocs\inventario-autopartes\views\public\catalogo.php línea 98
[2025-12-11 02:40:09] [ERROR] Error: 2 en C:\xampp\htdocs\inventario-autopartes\views\public\catalogo.php línea 143
[2025-12-11 02:40:09] [ERROR] Error: 2 en C:\xampp\htdocs\inventario-autopartes\views\public\catalogo.php línea 143
[2025-12-11 02:40:09] [ERROR] Error: 2 en C:\xampp\htdocs\inventario-autopartes\views\public\catalogo.php línea 143
[2025-12-11 02:40:09] [ERROR] Error: 2 en C:\xampp\htdocs\inventario-autopartes\views\public\catalogo.php línea 143
[2025-12-11 02:40:09] [ERROR] Error: 2 en C:\xampp\htdocs\inventario-autopartes\views\public\catalogo.php línea 143
[2025-12-11 02:40:09] [ERROR] Error: 2 en C:\xampp\htdocs\inventario-autopartes\views\public\catalogo.php línea 143
[2025-12-11 02:40:09] [ERROR] Error: 2 en C:\xampp\htdocs\inventario-autopartes\views\public\catalogo.php línea 143
[2025-12-11 02:40:09] [ERROR] Error: 2 en C:\xampp\htdocs\inventario-autopartes\views\public\catalogo.php línea 143
[2025-12-11 02:40:09] [ERROR] Error: 2 en C:\xampp\htdocs\inventario-autopartes\views\public\catalogo.php línea 158
[2025-12-11 02:40:09] [CRITICAL] Exception: Call to undefined method PublicController::buildUrl() en C:\xampp\htdocs\inventario-autopartes\views\public\catalogo.php línea 164
[2025-12-11 02:40:18] [CRITICAL] Exception: Class "Database" not found en C:\xampp\htdocs\inventario-autopartes\controllers\OperadorController.php línea 25
[2025-12-11 02:40:20] [ERROR] Error: 2 en C:\xampp\htdocs\inventario-autopartes\controllers\PublicController.php línea 119
[2025-12-11 02:40:20] [ERROR] Error: 2 en C:\xampp\htdocs\inventario-autopartes\views\public\catalogo.php línea 72
[2025-12-11 02:40:20] [ERROR] Error: 2 en C:\xampp\htdocs\inventario-autopartes\views\public\catalogo.php línea 72
[2025-12-11 02:40:20] [ERROR] Error: 2 en C:\xampp\htdocs\inventario-autopartes\views\public\catalogo.php línea 72
[2025-12-11 02:40:20] [ERROR] Error: 2 en C:\xampp\htdocs\inventario-autopartes\views\public\catalogo.php línea 72
[2025-12-11 02:40:20] [ERROR] Error: 2 en C:\xampp\htdocs\inventario-autopartes\views\public\catalogo.php línea 72
[2025-12-11 02:40:20] [ERROR] Error: 2 en C:\xampp\htdocs\inventario-autopartes\views\public\catalogo.php línea 72
[2025-12-11 02:40:20] [ERROR] Error: 2 en C:\xampp\htdocs\inventario-autopartes\views\public\catalogo.php línea 72
[2025-12-11 02:40:20] [ERROR] Error: 2 en C:\xampp\htdocs\inventario-autopartes\views\public\catalogo.php línea 72
[2025-12-11 02:40:20] [ERROR] Error: 2 en C:\xampp\htdocs\inventario-autopartes\views\public\catalogo.php línea 72
[2025-12-11 02:40:20] [ERROR] Error: 2 en C:\xampp\htdocs\inventario-autopartes\views\public\catalogo.php línea 72
[2025-12-11 02:40:20] [ERROR] Error: 2 en C:\xampp\htdocs\inventario-autopartes\views\public\catalogo.php línea 72
[2025-12-11 02:40:20] [ERROR] Error: 2 en C:\xampp\htdocs\inventario-autopartes\views\public\catalogo.php línea 72
[2025-12-11 02:40:20] [ERROR] Error: 2 en C:\xampp\htdocs\inventario-autopartes\views\public\catalogo.php línea 72
[2025-12-11 02:40:20] [ERROR] Error: 2 en C:\xampp\htdocs\inventario-autopartes\views\public\catalogo.php línea 72
[2025-12-11 02:40:20] [ERROR] Error: 2 en C:\xampp\htdocs\inventario-autopartes\views\public\catalogo.php línea 72
[2025-12-11 02:40:20] [ERROR] Error: 2 en C:\xampp\htdocs\inventario-autopartes\views\public\catalogo.php línea 72
[2025-12-11 02:40:20] [ERROR] Error: 2 en C:\xampp\htdocs\inventario-autopartes\views\public\catalogo.php línea 98
[2025-12-11 02:40:20] [ERROR] Error: 2 en C:\xampp\htdocs\inventario-autopartes\views\public\catalogo.php línea 98
[2025-12-11 02:40:20] [ERROR] Error: 2 en C:\xampp\htdocs\inventario-autopartes\views\public\catalogo.php línea 143
[2025-12-11 02:40:20] [ERROR] Error: 2 en C:\xampp\htdocs\inventario-autopartes\views\public\catalogo.php línea 143
[2025-12-11 02:40:20] [ERROR] Error: 2 en C:\xampp\htdocs\inventario-autopartes\views\public\catalogo.php línea 143
[2025-12-11 02:40:20] [ERROR] Error: 2 en C:\xampp\htdocs\inventario-autopartes\views\public\catalogo.php línea 143
[2025-12-11 02:40:20] [ERROR] Error: 2 en C:\xampp\htdocs\inventario-autopartes\views\public\catalogo.php línea 143
[2025-12-11 02:40:20] [ERROR] Error: 2 en C:\xampp\htdocs\inventario-autopartes\views\public\catalogo.php línea 143
[2025-12-11 02:40:20] [ERROR] Error: 2 en C:\xampp\htdocs\inventario-autopartes\views\public\catalogo.php línea 143
[2025-12-11 02:40:20] [ERROR] Error: 2 en C:\xampp\htdocs\inventario-autopartes\views\public\catalogo.php línea 143
[2025-12-11 02:40:20] [ERROR] Error: 2 en C:\xampp\htdocs\inventario-autopartes\views\public\catalogo.php línea 158
[2025-12-11 02:40:20] [CRITICAL] Exception: Call to undefined method PublicController::buildUrl() en C:\xampp\htdocs\inventario-autopartes\views\public\catalogo.php línea 164
[2025-12-11 02:40:20] [CRITICAL] Exception: Class "Database" not found en C:\xampp\htdocs\inventario-autopartes\controllers\OperadorController.php línea 25
[2025-12-11 02:40:21] [ERROR] Error: 2 en C:\xampp\htdocs\inventario-autopartes\controllers\PublicController.php línea 119
[2025-12-11 02:40:21] [ERROR] Error: 2 en C:\xampp\htdocs\inventario-autopartes\views\public\catalogo.php línea 72
[2025-12-11 02:40:21] [ERROR] Error: 2 en C:\xampp\htdocs\inventario-autopartes\views\public\catalogo.php línea 72
[2025-12-11 02:40:21] [ERROR] Error: 2 en C:\xampp\htdocs\inventario-autopartes\views\public\catalogo.php línea 72
[2025-12-11 02:40:21] [ERROR] Error: 2 en C:\xampp\htdocs\inventario-autopartes\views\public\catalogo.php línea 72
[2025-12-11 02:40:21] [ERROR] Error: 2 en C:\xampp\htdocs\inventario-autopartes\views\public\catalogo.php línea 72
[2025-12-11 02:40:21] [ERROR] Error: 2 en C:\xampp\htdocs\inventario-autopartes\views\public\catalogo.php línea 72
[2025-12-11 02:40:21] [ERROR] Error: 2 en C:\xampp\htdocs\inventario-autopartes\views\public\catalogo.php línea 72
[2025-12-11 02:40:21] [ERROR] Error: 2 en C:\xampp\htdocs\inventario-autopartes\views\public\catalogo.php línea 72
[2025-12-11 02:40:21] [ERROR] Error: 2 en C:\xampp\htdocs\inventario-autopartes\views\public\catalogo.php línea 72
[2025-12-11 02:40:21] [ERROR] Error: 2 en C:\xampp\htdocs\inventario-autopartes\views\public\catalogo.php línea 72
[2025-12-11 02:40:21] [ERROR] Error: 2 en C:\xampp\htdocs\inventario-autopartes\views\public\catalogo.php línea 72
[2025-12-11 02:40:21] [ERROR] Error: 2 en C:\xampp\htdocs\inventario-autopartes\views\public\catalogo.php línea 72
[2025-12-11 02:40:21] [ERROR] Error: 2 en C:\xampp\htdocs\inventario-autopartes\views\public\catalogo.php línea 72
[2025-12-11 02:40:21] [ERROR] Error: 2 en C:\xampp\htdocs\inventario-autopartes\views\public\catalogo.php línea 72
[2025-12-11 02:40:21] [ERROR] Error: 2 en C:\xampp\htdocs\inventario-autopartes\views\public\catalogo.php línea 72
[2025-12-11 02:40:21] [ERROR] Error: 2 en C:\xampp\htdocs\inventario-autopartes\views\public\catalogo.php línea 72
[2025-12-11 02:40:21] [ERROR] Error: 2 en C:\xampp\htdocs\inventario-autopartes\views\public\catalogo.php línea 98
[2025-12-11 02:40:21] [ERROR] Error: 2 en C:\xampp\htdocs\inventario-autopartes\views\public\catalogo.php línea 98
[2025-12-11 02:40:21] [ERROR] Error: 2 en C:\xampp\htdocs\inventario-autopartes\views\public\catalogo.php línea 143
[2025-12-11 02:40:21] [ERROR] Error: 2 en C:\xampp\htdocs\inventario-autopartes\views\public\catalogo.php línea 143
[2025-12-11 02:40:21] [ERROR] Error: 2 en C:\xampp\htdocs\inventario-autopartes\views\public\catalogo.php línea 143
[2025-12-11 02:40:21] [ERROR] Error: 2 en C:\xampp\htdocs\inventario-autopartes\views\public\catalogo.php línea 143
[2025-12-11 02:40:21] [ERROR] Error: 2 en C:\xampp\htdocs\inventario-autopartes\views\public\catalogo.php línea 143
[2025-12-11 02:40:21] [ERROR] Error: 2 en C:\xampp\htdocs\inventario-autopartes\views\public\catalogo.php línea 143
[2025-12-11 02:40:21] [ERROR] Error: 2 en C:\xampp\htdocs\inventario-autopartes\views\public\catalogo.php línea 143
[2025-12-11 02:40:21] [ERROR] Error: 2 en C:\xampp\htdocs\inventario-autopartes\views\public\catalogo.php línea 143
[2025-12-11 02:40:21] [ERROR] Error: 2 en C:\xampp\htdocs\inventario-autopartes\views\public\catalogo.php línea 158
[2025-12-11 02:40:21] [CRITICAL] Exception: Call to undefined method PublicController::buildUrl() en C:\xampp\htdocs\inventario-autopartes\views\public\catalogo.php línea 164
[2025-12-11 02:40:22] [CRITICAL] Exception: Class "Database" not found en C:\xampp\htdocs\inventario-autopartes\controllers\OperadorController.php línea 25
[2025-12-11 02:40:23] [ERROR] Error: 2 en C:\xampp\htdocs\inventario-autopartes\controllers\PublicController.php línea 119
[2025-12-11 02:40:23] [ERROR] Error: 2 en C:\xampp\htdocs\inventario-autopartes\views\public\catalogo.php línea 72
[2025-12-11 02:40:23] [ERROR] Error: 2 en C:\xampp\htdocs\inventario-autopartes\views\public\catalogo.php línea 72
[2025-12-11 02:40:23] [ERROR] Error: 2 en C:\xampp\htdocs\inventario-autopartes\views\public\catalogo.php línea 72
[2025-12-11 02:40:23] [ERROR] Error: 2 en C:\xampp\htdocs\inventario-autopartes\views\public\catalogo.php línea 72
[2025-12-11 02:40:23] [ERROR] Error: 2 en C:\xampp\htdocs\inventario-autopartes\views\public\catalogo.php línea 72
[2025-12-11 02:40:23] [ERROR] Error: 2 en C:\xampp\htdocs\inventario-autopartes\views\public\catalogo.php línea 72
[2025-12-11 02:40:23] [ERROR] Error: 2 en C:\xampp\htdocs\inventario-autopartes\views\public\catalogo.php línea 72
[2025-12-11 02:40:23] [ERROR] Error: 2 en C:\xampp\htdocs\inventario-autopartes\views\public\catalogo.php línea 72
[2025-12-11 02:40:23] [ERROR] Error: 2 en C:\xampp\htdocs\inventario-autopartes\views\public\catalogo.php línea 72
[2025-12-11 02:40:23] [ERROR] Error: 2 en C:\xampp\htdocs\inventario-autopartes\views\public\catalogo.php línea 72
[2025-12-11 02:40:23] [ERROR] Error: 2 en C:\xampp\htdocs\inventario-autopartes\views\public\catalogo.php línea 72
[2025-12-11 02:40:23] [ERROR] Error: 2 en C:\xampp\htdocs\inventario-autopartes\views\public\catalogo.php línea 72
[2025-12-11 02:40:23] [ERROR] Error: 2 en C:\xampp\htdocs\inventario-autopartes\views\public\catalogo.php línea 72
[2025-12-11 02:40:23] [ERROR] Error: 2 en C:\xampp\htdocs\inventario-autopartes\views\public\catalogo.php línea 72
[2025-12-11 02:40:23] [ERROR] Error: 2 en C:\xampp\htdocs\inventario-autopartes\views\public\catalogo.php línea 72
[2025-12-11 02:40:23] [ERROR] Error: 2 en C:\xampp\htdocs\inventario-autopartes\views\public\catalogo.php línea 72
[2025-12-11 02:40:23] [ERROR] Error: 2 en C:\xampp\htdocs\inventario-autopartes\views\public\catalogo.php línea 98
[2025-12-11 02:40:23] [ERROR] Error: 2 en C:\xampp\htdocs\inventario-autopartes\views\public\catalogo.php línea 98
[2025-12-11 02:40:23] [ERROR] Error: 2 en C:\xampp\htdocs\inventario-autopartes\views\public\catalogo.php línea 143
[2025-12-11 02:40:23] [ERROR] Error: 2 en C:\xampp\htdocs\inventario-autopartes\views\public\catalogo.php línea 143
[2025-12-11 02:40:23] [ERROR] Error: 2 en C:\xampp\htdocs\inventario-autopartes\views\public\catalogo.php línea 143
[2025-12-11 02:40:23] [ERROR] Error: 2 en C:\xampp\htdocs\inventario-autopartes\views\public\catalogo.php línea 143
[2025-12-11 02:40:23] [ERROR] Error: 2 en C:\xampp\htdocs\inventario-autopartes\views\public\catalogo.php línea 143
[2025-12-11 02:40:23] [ERROR] Error: 2 en C:\xampp\htdocs\inventario-autopartes\views\public\catalogo.php línea 143
[2025-12-11 02:40:23] [ERROR] Error: 2 en C:\xampp\htdocs\inventario-autopartes\views\public\catalogo.php línea 143
[2025-12-11 02:40:23] [ERROR] Error: 2 en C:\xampp\htdocs\inventario-autopartes\views\public\catalogo.php línea 143
[2025-12-11 02:40:23] [ERROR] Error: 2 en C:\xampp\htdocs\inventario-autopartes\views\public\catalogo.php línea 158
[2025-12-11 02:40:23] [CRITICAL] Exception: Call to undefined method PublicController::buildUrl() en C:\xampp\htdocs\inventario-autopartes\views\public\catalogo.php línea 164
[2025-12-11 02:41:37] [ERROR] Error: 2 en C:\xampp\htdocs\inventario-autopartes\controllers\AdminController.php línea 292
[2025-12-11 02:41:37] [CRITICAL] Exception: Failed opening required 'C:\xampp\htdocs\inventario-autopartes/views/admin/configuracion.php' (include_path='C:\xampp\php\PEAR') en C:\xampp\htdocs\inventario-autopartes\controllers\AdminController.php línea 292
[2025-12-11 02:41:44] [ERROR] Error: 2 en C:\xampp\htdocs\inventario-autopartes\controllers\PublicController.php línea 119
[2025-12-11 02:41:44] [ERROR] Error: 2 en C:\xampp\htdocs\inventario-autopartes\views\public\catalogo.php línea 72
[2025-12-11 02:41:44] [ERROR] Error: 2 en C:\xampp\htdocs\inventario-autopartes\views\public\catalogo.php línea 72
[2025-12-11 02:41:44] [ERROR] Error: 2 en C:\xampp\htdocs\inventario-autopartes\views\public\catalogo.php línea 72
[2025-12-11 02:41:44] [ERROR] Error: 2 en C:\xampp\htdocs\inventario-autopartes\views\public\catalogo.php línea 72
[2025-12-11 02:41:44] [ERROR] Error: 2 en C:\xampp\htdocs\inventario-autopartes\views\public\catalogo.php línea 72
[2025-12-11 02:41:44] [ERROR] Error: 2 en C:\xampp\htdocs\inventario-autopartes\views\public\catalogo.php línea 72
[2025-12-11 02:41:44] [ERROR] Error: 2 en C:\xampp\htdocs\inventario-autopartes\views\public\catalogo.php línea 72
[2025-12-11 02:41:44] [ERROR] Error: 2 en C:\xampp\htdocs\inventario-autopartes\views\public\catalogo.php línea 72
[2025-12-11 02:41:44] [ERROR] Error: 2 en C:\xampp\htdocs\inventario-autopartes\views\public\catalogo.php línea 72
[2025-12-11 02:41:44] [ERROR] Error: 2 en C:\xampp\htdocs\inventario-autopartes\views\public\catalogo.php línea 72
[2025-12-11 02:41:44] [ERROR] Error: 2 en C:\xampp\htdocs\inventario-autopartes\views\public\catalogo.php línea 72
[2025-12-11 02:41:44] [ERROR] Error: 2 en C:\xampp\htdocs\inventario-autopartes\views\public\catalogo.php línea 72
[2025-12-11 02:41:44] [ERROR] Error: 2 en C:\xampp\htdocs\inventario-autopartes\views\public\catalogo.php línea 72
[2025-12-11 02:41:44] [ERROR] Error: 2 en C:\xampp\htdocs\inventario-autopartes\views\public\catalogo.php línea 72
[2025-12-11 02:41:44] [ERROR] Error: 2 en C:\xampp\htdocs\inventario-autopartes\views\public\catalogo.php línea 72
[2025-12-11 02:41:44] [ERROR] Error: 2 en C:\xampp\htdocs\inventario-autopartes\views\public\catalogo.php línea 72
[2025-12-11 02:41:44] [ERROR] Error: 2 en C:\xampp\htdocs\inventario-autopartes\views\public\catalogo.php línea 98
[2025-12-11 02:41:44] [ERROR] Error: 2 en C:\xampp\htdocs\inventario-autopartes\views\public\catalogo.php línea 98
[2025-12-11 02:41:44] [ERROR] Error: 2 en C:\xampp\htdocs\inventario-autopartes\views\public\catalogo.php línea 143
[2025-12-11 02:41:44] [ERROR] Error: 2 en C:\xampp\htdocs\inventario-autopartes\views\public\catalogo.php línea 143
[2025-12-11 02:41:44] [ERROR] Error: 2 en C:\xampp\htdocs\inventario-autopartes\views\public\catalogo.php línea 143
[2025-12-11 02:41:44] [ERROR] Error: 2 en C:\xampp\htdocs\inventario-autopartes\views\public\catalogo.php línea 143
[2025-12-11 02:41:44] [ERROR] Error: 2 en C:\xampp\htdocs\inventario-autopartes\views\public\catalogo.php línea 143
[2025-12-11 02:41:44] [ERROR] Error: 2 en C:\xampp\htdocs\inventario-autopartes\views\public\catalogo.php línea 143
[2025-12-11 02:41:44] [ERROR] Error: 2 en C:\xampp\htdocs\inventario-autopartes\views\public\catalogo.php línea 143
[2025-12-11 02:41:44] [ERROR] Error: 2 en C:\xampp\htdocs\inventario-autopartes\views\public\catalogo.php línea 143
[2025-12-11 02:41:44] [ERROR] Error: 2 en C:\xampp\htdocs\inventario-autopartes\views\public\catalogo.php línea 158
[2025-12-11 02:41:44] [CRITICAL] Exception: Call to undefined method PublicController::buildUrl() en C:\xampp\htdocs\inventario-autopartes\views\public\catalogo.php línea 164
[2025-12-11 09:45:52] [CRITICAL] Exception: Call to undefined function isLoggedIn() en C:\xampp\htdocs\inventario-autopartes\views\layouts\header.php línea 129
[2025-12-11 09:46:37] [CRITICAL] Exception: Call to undefined function isLoggedIn() en C:\xampp\htdocs\inventario-autopartes\views\layouts\header.php línea 129
[2025-12-11 09:46:37] [CRITICAL] Exception: Call to undefined function isLoggedIn() en C:\xampp\htdocs\inventario-autopartes\views\layouts\header.php línea 129
[2025-12-11 09:55:40] [ERROR] Error: 2 en C:\xampp\htdocs\inventario-autopartes\views\public\home.php línea 12
[2025-12-11 09:55:40] [CRITICAL] Exception: Failed opening required 'C:\xampp\htdocs\inventario-autopartes/views/publico/layouts/header.php' (include_path='C:\xampp\php\PEAR') en C:\xampp\htdocs\inventario-autopartes\views\public\home.php línea 12
[2025-12-11 09:56:05] [CRITICAL] Exception: Call to undefined function isLoggedIn() en C:\xampp\htdocs\inventario-autopartes\views\layouts\header.php línea 129
[2025-12-11 09:57:45] [CRITICAL] Exception: Call to undefined function isLoggedIn() en C:\xampp\htdocs\inventario-autopartes\views\public\home.php línea 53
[2025-12-11 09:58:33] [ERROR] Error: 2 en C:\xampp\htdocs\inventario-autopartes\controllers\PublicController.php línea 119
[2025-12-11 09:58:33] [ERROR] Error: 2 en C:\xampp\htdocs\inventario-autopartes\views\public\catalogo.php línea 10
[2025-12-11 09:58:33] [CRITICAL] Exception: Failed opening required 'C:\xampp\htdocs\inventario-autopartes/views/publico/layouts/header.php' (include_path='C:\xampp\php\PEAR') en C:\xampp\htdocs\inventario-autopartes\views\public\catalogo.php línea 10
[2025-12-11 09:58:36] [ERROR] Error: 2 en C:\xampp\htdocs\inventario-autopartes\views\public\home.php línea 12
[2025-12-11 09:58:36] [CRITICAL] Exception: Failed opening required 'C:\xampp\htdocs\inventario-autopartes/views/publico/layouts/header.php' (include_path='C:\xampp\php\PEAR') en C:\xampp\htdocs\inventario-autopartes\views\public\home.php línea 12
[2025-12-11 09:58:52] [ERROR] Error: 2 en C:\xampp\htdocs\inventario-autopartes\views\public\home.php línea 257
[2025-12-11 09:58:52] [CRITICAL] Exception: Failed opening required 'C:\xampp\htdocs\inventario-autopartes/views/publico/layouts/footer.php' (include_path='C:\xampp\php\PEAR') en C:\xampp\htdocs\inventario-autopartes\views\public\home.php línea 257
[2025-12-11 09:59:32] [ERROR] Error: 2 en C:\xampp\htdocs\inventario-autopartes\controllers\PublicController.php línea 119
[2025-12-11 09:59:32] [ERROR] Error: 2 en C:\xampp\htdocs\inventario-autopartes\views\public\catalogo.php línea 109
[2025-12-11 09:59:32] [ERROR] Error: 2 en C:\xampp\htdocs\inventario-autopartes\views\public\catalogo.php línea 109
[2025-12-11 09:59:32] [ERROR] Error: 2 en C:\xampp\htdocs\inventario-autopartes\views\public\catalogo.php línea 109
[2025-12-11 09:59:32] [ERROR] Error: 2 en C:\xampp\htdocs\inventario-autopartes\views\public\catalogo.php línea 109
[2025-12-11 09:59:32] [ERROR] Error: 2 en C:\xampp\htdocs\inventario-autopartes\views\public\catalogo.php línea 109
[2025-12-11 09:59:32] [ERROR] Error: 2 en C:\xampp\htdocs\inventario-autopartes\views\public\catalogo.php línea 109
[2025-12-11 09:59:32] [ERROR] Error: 2 en C:\xampp\htdocs\inventario-autopartes\views\public\catalogo.php línea 109
[2025-12-11 09:59:32] [ERROR] Error: 2 en C:\xampp\htdocs\inventario-autopartes\views\public\catalogo.php línea 109
[2025-12-11 09:59:32] [ERROR] Error: 2 en C:\xampp\htdocs\inventario-autopartes\views\public\catalogo.php línea 109
[2025-12-11 09:59:32] [ERROR] Error: 2 en C:\xampp\htdocs\inventario-autopartes\views\public\catalogo.php línea 109
[2025-12-11 09:59:32] [ERROR] Error: 2 en C:\xampp\htdocs\inventario-autopartes\views\public\catalogo.php línea 109
[2025-12-11 09:59:32] [ERROR] Error: 2 en C:\xampp\htdocs\inventario-autopartes\views\public\catalogo.php línea 109
[2025-12-11 09:59:32] [ERROR] Error: 2 en C:\xampp\htdocs\inventario-autopartes\views\public\catalogo.php línea 109
[2025-12-11 09:59:32] [ERROR] Error: 2 en C:\xampp\htdocs\inventario-autopartes\views\public\catalogo.php línea 109
[2025-12-11 09:59:32] [ERROR] Error: 2 en C:\xampp\htdocs\inventario-autopartes\views\public\catalogo.php línea 109
[2025-12-11 09:59:32] [ERROR] Error: 2 en C:\xampp\htdocs\inventario-autopartes\views\public\catalogo.php línea 109
[2025-12-11 09:59:32] [ERROR] Error: 2 en C:\xampp\htdocs\inventario-autopartes\views\public\catalogo.php línea 135
[2025-12-11 09:59:32] [ERROR] Error: 2 en C:\xampp\htdocs\inventario-autopartes\views\public\catalogo.php línea 135
[2025-12-11 09:59:32] [ERROR] Error: 2 en C:\xampp\htdocs\inventario-autopartes\views\public\catalogo.php línea 173
[2025-12-11 10:05:02] [ERROR] Error: 2 en C:\xampp\htdocs\inventario-autopartes\controllers\PublicController.php línea 119
[2025-12-11 10:05:02] [ERROR] Error: 2 en C:\xampp\htdocs\inventario-autopartes\views\public\catalogo.php línea 109
[2025-12-11 10:05:02] [ERROR] Error: 2 en C:\xampp\htdocs\inventario-autopartes\views\public\catalogo.php línea 109
[2025-12-11 10:05:02] [ERROR] Error: 2 en C:\xampp\htdocs\inventario-autopartes\views\public\catalogo.php línea 109
[2025-12-11 10:05:02] [ERROR] Error: 2 en C:\xampp\htdocs\inventario-autopartes\views\public\catalogo.php línea 109
[2025-12-11 10:05:02] [ERROR] Error: 2 en C:\xampp\htdocs\inventario-autopartes\views\public\catalogo.php línea 109
[2025-12-11 10:05:02] [ERROR] Error: 2 en C:\xampp\htdocs\inventario-autopartes\views\public\catalogo.php línea 109
[2025-12-11 10:05:02] [ERROR] Error: 2 en C:\xampp\htdocs\inventario-autopartes\views\public\catalogo.php línea 109
[2025-12-11 10:05:02] [ERROR] Error: 2 en C:\xampp\htdocs\inventario-autopartes\views\public\catalogo.php línea 109
[2025-12-11 10:05:02] [ERROR] Error: 2 en C:\xampp\htdocs\inventario-autopartes\views\public\catalogo.php línea 109
[2025-12-11 10:05:02] [ERROR] Error: 2 en C:\xampp\htdocs\inventario-autopartes\views\public\catalogo.php línea 109
[2025-12-11 10:05:02] [ERROR] Error: 2 en C:\xampp\htdocs\inventario-autopartes\views\public\catalogo.php línea 109
[2025-12-11 10:05:02] [ERROR] Error: 2 en C:\xampp\htdocs\inventario-autopartes\views\public\catalogo.php línea 109
[2025-12-11 10:05:02] [ERROR] Error: 2 en C:\xampp\htdocs\inventario-autopartes\views\public\catalogo.php línea 109
[2025-12-11 10:05:02] [ERROR] Error: 2 en C:\xampp\htdocs\inventario-autopartes\views\public\catalogo.php línea 109
[2025-12-11 10:05:02] [ERROR] Error: 2 en C:\xampp\htdocs\inventario-autopartes\views\public\catalogo.php línea 109
[2025-12-11 10:05:02] [ERROR] Error: 2 en C:\xampp\htdocs\inventario-autopartes\views\public\catalogo.php línea 109
[2025-12-11 10:05:02] [ERROR] Error: 2 en C:\xampp\htdocs\inventario-autopartes\views\public\catalogo.php línea 135
[2025-12-11 10:05:02] [ERROR] Error: 2 en C:\xampp\htdocs\inventario-autopartes\views\public\catalogo.php línea 135
[2025-12-11 10:05:02] [ERROR] Error: 2 en C:\xampp\htdocs\inventario-autopartes\views\public\catalogo.php línea 173
[2025-12-11 10:09:21] [ERROR] Error: 2 en C:\xampp\htdocs\inventario-autopartes\controllers\PublicController.php línea 119
[2025-12-11 10:09:21] [ERROR] Error: 2 en C:\xampp\htdocs\inventario-autopartes\views\public\catalogo.php línea 109
[2025-12-11 10:09:21] [ERROR] Error: 2 en C:\xampp\htdocs\inventario-autopartes\views\public\catalogo.php línea 109
[2025-12-11 10:09:21] [ERROR] Error: 2 en C:\xampp\htdocs\inventario-autopartes\views\public\catalogo.php línea 109
[2025-12-11 10:09:21] [ERROR] Error: 2 en C:\xampp\htdocs\inventario-autopartes\views\public\catalogo.php línea 109
[2025-12-11 10:09:21] [ERROR] Error: 2 en C:\xampp\htdocs\inventario-autopartes\views\public\catalogo.php línea 109
[2025-12-11 10:09:21] [ERROR] Error: 2 en C:\xampp\htdocs\inventario-autopartes\views\public\catalogo.php línea 109
[2025-12-11 10:09:21] [ERROR] Error: 2 en C:\xampp\htdocs\inventario-autopartes\views\public\catalogo.php línea 109
[2025-12-11 10:09:21] [ERROR] Error: 2 en C:\xampp\htdocs\inventario-autopartes\views\public\catalogo.php línea 109
[2025-12-11 10:09:21] [ERROR] Error: 2 en C:\xampp\htdocs\inventario-autopartes\views\public\catalogo.php línea 109
[2025-12-11 10:09:21] [ERROR] Error: 2 en C:\xampp\htdocs\inventario-autopartes\views\public\catalogo.php línea 109
[2025-12-11 10:09:21] [ERROR] Error: 2 en C:\xampp\htdocs\inventario-autopartes\views\public\catalogo.php línea 109
[2025-12-11 10:09:21] [ERROR] Error: 2 en C:\xampp\htdocs\inventario-autopartes\views\public\catalogo.php línea 109
[2025-12-11 10:09:21] [ERROR] Error: 2 en C:\xampp\htdocs\inventario-autopartes\views\public\catalogo.php línea 109
[2025-12-11 10:09:21] [ERROR] Error: 2 en C:\xampp\htdocs\inventario-autopartes\views\public\catalogo.php línea 109
[2025-12-11 10:09:21] [ERROR] Error: 2 en C:\xampp\htdocs\inventario-autopartes\views\public\catalogo.php línea 109
[2025-12-11 10:09:21] [ERROR] Error: 2 en C:\xampp\htdocs\inventario-autopartes\views\public\catalogo.php línea 109
[2025-12-11 10:09:21] [ERROR] Error: 2 en C:\xampp\htdocs\inventario-autopartes\views\public\catalogo.php línea 135
[2025-12-11 10:09:21] [ERROR] Error: 2 en C:\xampp\htdocs\inventario-autopartes\views\public\catalogo.php línea 135
[2025-12-11 10:09:21] [ERROR] Error: 2 en C:\xampp\htdocs\inventario-autopartes\views\public\catalogo.php línea 173
[2025-12-11 10:09:26] [ERROR] Error: 2 en C:\xampp\htdocs\inventario-autopartes\controllers\PublicController.php línea 119
[2025-12-11 10:09:26] [ERROR] Error: 2 en C:\xampp\htdocs\inventario-autopartes\views\public\catalogo.php línea 109
[2025-12-11 10:09:26] [ERROR] Error: 2 en C:\xampp\htdocs\inventario-autopartes\views\public\catalogo.php línea 109
[2025-12-11 10:09:26] [ERROR] Error: 2 en C:\xampp\htdocs\inventario-autopartes\views\public\catalogo.php línea 109
[2025-12-11 10:09:26] [ERROR] Error: 2 en C:\xampp\htdocs\inventario-autopartes\views\public\catalogo.php línea 109
[2025-12-11 10:09:26] [ERROR] Error: 2 en C:\xampp\htdocs\inventario-autopartes\views\public\catalogo.php línea 109
[2025-12-11 10:09:26] [ERROR] Error: 2 en C:\xampp\htdocs\inventario-autopartes\views\public\catalogo.php línea 109
[2025-12-11 10:09:26] [ERROR] Error: 2 en C:\xampp\htdocs\inventario-autopartes\views\public\catalogo.php línea 109
[2025-12-11 10:09:26] [ERROR] Error: 2 en C:\xampp\htdocs\inventario-autopartes\views\public\catalogo.php línea 109
[2025-12-11 10:09:26] [ERROR] Error: 2 en C:\xampp\htdocs\inventario-autopartes\views\public\catalogo.php línea 109
[2025-12-11 10:09:26] [ERROR] Error: 2 en C:\xampp\htdocs\inventario-autopartes\views\public\catalogo.php línea 109
[2025-12-11 10:09:26] [ERROR] Error: 2 en C:\xampp\htdocs\inventario-autopartes\views\public\catalogo.php línea 109
[2025-12-11 10:09:26] [ERROR] Error: 2 en C:\xampp\htdocs\inventario-autopartes\views\public\catalogo.php línea 109
[2025-12-11 10:09:26] [ERROR] Error: 2 en C:\xampp\htdocs\inventario-autopartes\views\public\catalogo.php línea 109
[2025-12-11 10:09:26] [ERROR] Error: 2 en C:\xampp\htdocs\inventario-autopartes\views\public\catalogo.php línea 109
[2025-12-11 10:09:26] [ERROR] Error: 2 en C:\xampp\htdocs\inventario-autopartes\views\public\catalogo.php línea 109
[2025-12-11 10:09:26] [ERROR] Error: 2 en C:\xampp\htdocs\inventario-autopartes\views\public\catalogo.php línea 109
[2025-12-11 10:09:26] [ERROR] Error: 2 en C:\xampp\htdocs\inventario-autopartes\views\public\catalogo.php línea 135
[2025-12-11 10:09:26] [ERROR] Error: 2 en C:\xampp\htdocs\inventario-autopartes\views\public\catalogo.php línea 135
[2025-12-11 10:09:26] [ERROR] Error: 2 en C:\xampp\htdocs\inventario-autopartes\views\public\catalogo.php línea 173
[2025-12-11 10:15:17] [ERROR] Error: 2 en C:\xampp\htdocs\inventario-autopartes\controllers\PublicController.php línea 119
[2025-12-11 10:15:17] [ERROR] Error: 2 en C:\xampp\htdocs\inventario-autopartes\views\public\catalogo.php línea 109
[2025-12-11 10:15:17] [ERROR] Error: 2 en C:\xampp\htdocs\inventario-autopartes\views\public\catalogo.php línea 109
[2025-12-11 10:15:17] [ERROR] Error: 2 en C:\xampp\htdocs\inventario-autopartes\views\public\catalogo.php línea 109
[2025-12-11 10:15:17] [ERROR] Error: 2 en C:\xampp\htdocs\inventario-autopartes\views\public\catalogo.php línea 109
[2025-12-11 10:15:17] [ERROR] Error: 2 en C:\xampp\htdocs\inventario-autopartes\views\public\catalogo.php línea 109
[2025-12-11 10:15:17] [ERROR] Error: 2 en C:\xampp\htdocs\inventario-autopartes\views\public\catalogo.php línea 109
[2025-12-11 10:15:17] [ERROR] Error: 2 en C:\xampp\htdocs\inventario-autopartes\views\public\catalogo.php línea 109
[2025-12-11 10:15:17] [ERROR] Error: 2 en C:\xampp\htdocs\inventario-autopartes\views\public\catalogo.php línea 109
[2025-12-11 10:15:17] [ERROR] Error: 2 en C:\xampp\htdocs\inventario-autopartes\views\public\catalogo.php línea 109
[2025-12-11 10:15:17] [ERROR] Error: 2 en C:\xampp\htdocs\inventario-autopartes\views\public\catalogo.php línea 109
[2025-12-11 10:15:17] [ERROR] Error: 2 en C:\xampp\htdocs\inventario-autopartes\views\public\catalogo.php línea 109
[2025-12-11 10:15:17] [ERROR] Error: 2 en C:\xampp\htdocs\inventario-autopartes\views\public\catalogo.php línea 109
[2025-12-11 10:15:17] [ERROR] Error: 2 en C:\xampp\htdocs\inventario-autopartes\views\public\catalogo.php línea 109
[2025-12-11 10:15:17] [ERROR] Error: 2 en C:\xampp\htdocs\inventario-autopartes\views\public\catalogo.php línea 109
[2025-12-11 10:15:17] [ERROR] Error: 2 en C:\xampp\htdocs\inventario-autopartes\views\public\catalogo.php línea 109
[2025-12-11 10:15:17] [ERROR] Error: 2 en C:\xampp\htdocs\inventario-autopartes\views\public\catalogo.php línea 109
[2025-12-11 10:15:17] [ERROR] Error: 2 en C:\xampp\htdocs\inventario-autopartes\views\public\catalogo.php línea 135
[2025-12-11 10:15:17] [ERROR] Error: 2 en C:\xampp\htdocs\inventario-autopartes\views\public\catalogo.php línea 135
[2025-12-11 10:15:17] [ERROR] Error: 2 en C:\xampp\htdocs\inventario-autopartes\views\public\catalogo.php línea 173
[2025-12-11 10:15:25] [ERROR] Error: 2 en C:\xampp\htdocs\inventario-autopartes\controllers\PublicController.php línea 119
[2025-12-11 10:15:25] [ERROR] Error: 2 en C:\xampp\htdocs\inventario-autopartes\views\public\catalogo.php línea 109
[2025-12-11 10:15:25] [ERROR] Error: 2 en C:\xampp\htdocs\inventario-autopartes\views\public\catalogo.php línea 109
[2025-12-11 10:15:25] [ERROR] Error: 2 en C:\xampp\htdocs\inventario-autopartes\views\public\catalogo.php línea 109
[2025-12-11 10:15:25] [ERROR] Error: 2 en C:\xampp\htdocs\inventario-autopartes\views\public\catalogo.php línea 109
[2025-12-11 10:15:25] [ERROR] Error: 2 en C:\xampp\htdocs\inventario-autopartes\views\public\catalogo.php línea 109
[2025-12-11 10:15:25] [ERROR] Error: 2 en C:\xampp\htdocs\inventario-autopartes\views\public\catalogo.php línea 109
[2025-12-11 10:15:25] [ERROR] Error: 2 en C:\xampp\htdocs\inventario-autopartes\views\public\catalogo.php línea 109
[2025-12-11 10:15:25] [ERROR] Error: 2 en C:\xampp\htdocs\inventario-autopartes\views\public\catalogo.php línea 109
[2025-12-11 10:15:25] [ERROR] Error: 2 en C:\xampp\htdocs\inventario-autopartes\views\public\catalogo.php línea 109
[2025-12-11 10:15:25] [ERROR] Error: 2 en C:\xampp\htdocs\inventario-autopartes\views\public\catalogo.php línea 109
[2025-12-11 10:15:25] [ERROR] Error: 2 en C:\xampp\htdocs\inventario-autopartes\views\public\catalogo.php línea 109
[2025-12-11 10:15:25] [ERROR] Error: 2 en C:\xampp\htdocs\inventario-autopartes\views\public\catalogo.php línea 109
[2025-12-11 10:15:25] [ERROR] Error: 2 en C:\xampp\htdocs\inventario-autopartes\views\public\catalogo.php línea 109
[2025-12-11 10:15:25] [ERROR] Error: 2 en C:\xampp\htdocs\inventario-autopartes\views\public\catalogo.php línea 109
[2025-12-11 10:15:25] [ERROR] Error: 2 en C:\xampp\htdocs\inventario-autopartes\views\public\catalogo.php línea 109
[2025-12-11 10:15:25] [ERROR] Error: 2 en C:\xampp\htdocs\inventario-autopartes\views\public\catalogo.php línea 109
[2025-12-11 10:15:25] [ERROR] Error: 2 en C:\xampp\htdocs\inventario-autopartes\views\public\catalogo.php línea 135
[2025-12-11 10:15:25] [ERROR] Error: 2 en C:\xampp\htdocs\inventario-autopartes\views\public\catalogo.php línea 135
[2025-12-11 10:15:25] [ERROR] Error: 2 en C:\xampp\htdocs\inventario-autopartes\views\public\catalogo.php línea 173
[2025-12-11 11:04:56] [ERROR] Error: 2 en C:\xampp\htdocs\inventario-autopartes\controllers\PublicController.php línea 119
[2025-12-11 11:04:56] [ERROR] Error: 2 en C:\xampp\htdocs\inventario-autopartes\views\public\catalogo.php línea 109
[2025-12-11 11:04:56] [ERROR] Error: 2 en C:\xampp\htdocs\inventario-autopartes\views\public\catalogo.php línea 109
[2025-12-11 11:04:56] [ERROR] Error: 2 en C:\xampp\htdocs\inventario-autopartes\views\public\catalogo.php línea 109
[2025-12-11 11:04:56] [ERROR] Error: 2 en C:\xampp\htdocs\inventario-autopartes\views\public\catalogo.php línea 109
[2025-12-11 11:04:56] [ERROR] Error: 2 en C:\xampp\htdocs\inventario-autopartes\views\public\catalogo.php línea 109
[2025-12-11 11:04:56] [ERROR] Error: 2 en C:\xampp\htdocs\inventario-autopartes\views\public\catalogo.php línea 109
[2025-12-11 11:04:56] [ERROR] Error: 2 en C:\xampp\htdocs\inventario-autopartes\views\public\catalogo.php línea 109
[2025-12-11 11:04:56] [ERROR] Error: 2 en C:\xampp\htdocs\inventario-autopartes\views\public\catalogo.php línea 109
[2025-12-11 11:04:56] [ERROR] Error: 2 en C:\xampp\htdocs\inventario-autopartes\views\public\catalogo.php línea 109
[2025-12-11 11:04:56] [ERROR] Error: 2 en C:\xampp\htdocs\inventario-autopartes\views\public\catalogo.php línea 109
[2025-12-11 11:04:56] [ERROR] Error: 2 en C:\xampp\htdocs\inventario-autopartes\views\public\catalogo.php línea 109
[2025-12-11 11:04:56] [ERROR] Error: 2 en C:\xampp\htdocs\inventario-autopartes\views\public\catalogo.php línea 109
[2025-12-11 11:04:56] [ERROR] Error: 2 en C:\xampp\htdocs\inventario-autopartes\views\public\catalogo.php línea 109
[2025-12-11 11:04:56] [ERROR] Error: 2 en C:\xampp\htdocs\inventario-autopartes\views\public\catalogo.php línea 109
[2025-12-11 11:04:56] [ERROR] Error: 2 en C:\xampp\htdocs\inventario-autopartes\views\public\catalogo.php línea 109
[2025-12-11 11:04:56] [ERROR] Error: 2 en C:\xampp\htdocs\inventario-autopartes\views\public\catalogo.php línea 109
[2025-12-11 11:04:56] [CRITICAL] Exception: htmlspecialchars(): Argument #1 ($string) must be of type string, array given en C:\xampp\htdocs\inventario-autopartes\views\public\catalogo.php línea 123
[2025-12-11 11:05:01] [ERROR] Error: 2 en C:\xampp\htdocs\inventario-autopartes\controllers\PublicController.php línea 119
[2025-12-11 11:05:01] [ERROR] Error: 2 en C:\xampp\htdocs\inventario-autopartes\views\public\catalogo.php línea 109
[2025-12-11 11:05:01] [ERROR] Error: 2 en C:\xampp\htdocs\inventario-autopartes\views\public\catalogo.php línea 109
[2025-12-11 11:05:01] [ERROR] Error: 2 en C:\xampp\htdocs\inventario-autopartes\views\public\catalogo.php línea 109
[2025-12-11 11:05:01] [ERROR] Error: 2 en C:\xampp\htdocs\inventario-autopartes\views\public\catalogo.php línea 109
[2025-12-11 11:05:01] [ERROR] Error: 2 en C:\xampp\htdocs\inventario-autopartes\views\public\catalogo.php línea 109
[2025-12-11 11:05:01] [ERROR] Error: 2 en C:\xampp\htdocs\inventario-autopartes\views\public\catalogo.php línea 109
[2025-12-11 11:05:01] [ERROR] Error: 2 en C:\xampp\htdocs\inventario-autopartes\views\public\catalogo.php línea 109
[2025-12-11 11:05:01] [ERROR] Error: 2 en C:\xampp\htdocs\inventario-autopartes\views\public\catalogo.php línea 109
[2025-12-11 11:05:01] [ERROR] Error: 2 en C:\xampp\htdocs\inventario-autopartes\views\public\catalogo.php línea 109
[2025-12-11 11:05:01] [ERROR] Error: 2 en C:\xampp\htdocs\inventario-autopartes\views\public\catalogo.php línea 109
[2025-12-11 11:05:01] [ERROR] Error: 2 en C:\xampp\htdocs\inventario-autopartes\views\public\catalogo.php línea 109
[2025-12-11 11:05:01] [ERROR] Error: 2 en C:\xampp\htdocs\inventario-autopartes\views\public\catalogo.php línea 109
[2025-12-11 11:05:01] [ERROR] Error: 2 en C:\xampp\htdocs\inventario-autopartes\views\public\catalogo.php línea 109
[2025-12-11 11:05:01] [ERROR] Error: 2 en C:\xampp\htdocs\inventario-autopartes\views\public\catalogo.php línea 109
[2025-12-11 11:05:01] [ERROR] Error: 2 en C:\xampp\htdocs\inventario-autopartes\views\public\catalogo.php línea 109
[2025-12-11 11:05:01] [ERROR] Error: 2 en C:\xampp\htdocs\inventario-autopartes\views\public\catalogo.php línea 109
[2025-12-11 11:05:01] [CRITICAL] Exception: htmlspecialchars(): Argument #1 ($string) must be of type string, array given en C:\xampp\htdocs\inventario-autopartes\views\public\catalogo.php línea 123
[2025-12-11 11:05:02] [ERROR] Error: 2 en C:\xampp\htdocs\inventario-autopartes\views\public\home.php línea 140
[2025-12-11 11:05:02] [ERROR] Error: 2 en C:\xampp\htdocs\inventario-autopartes\views\public\home.php línea 163
[2025-12-11 11:05:02] [ERROR] Error: 2 en C:\xampp\htdocs\inventario-autopartes\views\public\home.php línea 170
[2025-12-11 11:05:02] [ERROR] Error: 2 en C:\xampp\htdocs\inventario-autopartes\views\public\home.php línea 140
[2025-12-11 11:05:02] [ERROR] Error: 2 en C:\xampp\htdocs\inventario-autopartes\views\public\home.php línea 163
[2025-12-11 11:05:02] [ERROR] Error: 2 en C:\xampp\htdocs\inventario-autopartes\views\public\home.php línea 170
[2025-12-11 11:05:02] [ERROR] Error: 2 en C:\xampp\htdocs\inventario-autopartes\views\public\home.php línea 140
[2025-12-11 11:05:02] [ERROR] Error: 2 en C:\xampp\htdocs\inventario-autopartes\views\public\home.php línea 163
[2025-12-11 11:05:02] [ERROR] Error: 2 en C:\xampp\htdocs\inventario-autopartes\views\public\home.php línea 170
[2025-12-11 11:05:02] [ERROR] Error: 2 en C:\xampp\htdocs\inventario-autopartes\views\public\home.php línea 140
[2025-12-11 11:05:02] [ERROR] Error: 2 en C:\xampp\htdocs\inventario-autopartes\views\public\home.php línea 163
[2025-12-11 11:05:02] [ERROR] Error: 2 en C:\xampp\htdocs\inventario-autopartes\views\public\home.php línea 170
[2025-12-11 11:05:02] [ERROR] Error: 2 en C:\xampp\htdocs\inventario-autopartes\views\public\home.php línea 140
[2025-12-11 11:05:02] [ERROR] Error: 2 en C:\xampp\htdocs\inventario-autopartes\views\public\home.php línea 163
[2025-12-11 11:05:02] [ERROR] Error: 2 en C:\xampp\htdocs\inventario-autopartes\views\public\home.php línea 170
[2025-12-11 11:05:02] [ERROR] Error: 2 en C:\xampp\htdocs\inventario-autopartes\views\public\home.php línea 140
[2025-12-11 11:05:02] [ERROR] Error: 2 en C:\xampp\htdocs\inventario-autopartes\views\public\home.php línea 163
[2025-12-11 11:05:02] [ERROR] Error: 2 en C:\xampp\htdocs\inventario-autopartes\views\public\home.php línea 170
[2025-12-11 11:05:02] [ERROR] Error: 2 en C:\xampp\htdocs\inventario-autopartes\views\public\home.php línea 140
[2025-12-11 11:05:02] [ERROR] Error: 2 en C:\xampp\htdocs\inventario-autopartes\views\public\home.php línea 163
[2025-12-11 11:05:02] [ERROR] Error: 2 en C:\xampp\htdocs\inventario-autopartes\views\public\home.php línea 170
[2025-12-11 11:05:02] [ERROR] Error: 2 en C:\xampp\htdocs\inventario-autopartes\views\public\home.php línea 140
[2025-12-11 11:05:02] [ERROR] Error: 2 en C:\xampp\htdocs\inventario-autopartes\views\public\home.php línea 163
[2025-12-11 11:05:02] [ERROR] Error: 2 en C:\xampp\htdocs\inventario-autopartes\views\public\home.php línea 170
[2025-12-11 11:05:03] [ERROR] Error: 2 en C:\xampp\htdocs\inventario-autopartes\controllers\PublicController.php línea 119
[2025-12-11 11:05:03] [ERROR] Error: 2 en C:\xampp\htdocs\inventario-autopartes\views\public\catalogo.php línea 109
[2025-12-11 11:05:03] [ERROR] Error: 2 en C:\xampp\htdocs\inventario-autopartes\views\public\catalogo.php línea 109
[2025-12-11 11:05:03] [ERROR] Error: 2 en C:\xampp\htdocs\inventario-autopartes\views\public\catalogo.php línea 109
[2025-12-11 11:05:03] [ERROR] Error: 2 en C:\xampp\htdocs\inventario-autopartes\views\public\catalogo.php línea 109
[2025-12-11 11:05:03] [ERROR] Error: 2 en C:\xampp\htdocs\inventario-autopartes\views\public\catalogo.php línea 109
[2025-12-11 11:05:03] [ERROR] Error: 2 en C:\xampp\htdocs\inventario-autopartes\views\public\catalogo.php línea 109
[2025-12-11 11:05:03] [ERROR] Error: 2 en C:\xampp\htdocs\inventario-autopartes\views\public\catalogo.php línea 109
[2025-12-11 11:05:03] [ERROR] Error: 2 en C:\xampp\htdocs\inventario-autopartes\views\public\catalogo.php línea 109
[2025-12-11 11:05:03] [ERROR] Error: 2 en C:\xampp\htdocs\inventario-autopartes\views\public\catalogo.php línea 109
[2025-12-11 11:05:03] [ERROR] Error: 2 en C:\xampp\htdocs\inventario-autopartes\views\public\catalogo.php línea 109
[2025-12-11 11:05:03] [ERROR] Error: 2 en C:\xampp\htdocs\inventario-autopartes\views\public\catalogo.php línea 109
[2025-12-11 11:05:03] [ERROR] Error: 2 en C:\xampp\htdocs\inventario-autopartes\views\public\catalogo.php línea 109
[2025-12-11 11:05:03] [ERROR] Error: 2 en C:\xampp\htdocs\inventario-autopartes\views\public\catalogo.php línea 109
[2025-12-11 11:05:03] [ERROR] Error: 2 en C:\xampp\htdocs\inventario-autopartes\views\public\catalogo.php línea 109
[2025-12-11 11:05:03] [ERROR] Error: 2 en C:\xampp\htdocs\inventario-autopartes\views\public\catalogo.php línea 109
[2025-12-11 11:05:03] [ERROR] Error: 2 en C:\xampp\htdocs\inventario-autopartes\views\public\catalogo.php línea 109
[2025-12-11 11:05:03] [CRITICAL] Exception: htmlspecialchars(): Argument #1 ($string) must be of type string, array given en C:\xampp\htdocs\inventario-autopartes\views\public\catalogo.php línea 123
[2025-12-11 11:05:04] [ERROR] Error: 2 en C:\xampp\htdocs\inventario-autopartes\views\public\home.php línea 140
[2025-12-11 11:05:04] [ERROR] Error: 2 en C:\xampp\htdocs\inventario-autopartes\views\public\home.php línea 163
[2025-12-11 11:05:04] [ERROR] Error: 2 en C:\xampp\htdocs\inventario-autopartes\views\public\home.php línea 170
[2025-12-11 11:05:04] [ERROR] Error: 2 en C:\xampp\htdocs\inventario-autopartes\views\public\home.php línea 140
[2025-12-11 11:05:04] [ERROR] Error: 2 en C:\xampp\htdocs\inventario-autopartes\views\public\home.php línea 163
[2025-12-11 11:05:04] [ERROR] Error: 2 en C:\xampp\htdocs\inventario-autopartes\views\public\home.php línea 170
[2025-12-11 11:05:04] [ERROR] Error: 2 en C:\xampp\htdocs\inventario-autopartes\views\public\home.php línea 140
[2025-12-11 11:05:04] [ERROR] Error: 2 en C:\xampp\htdocs\inventario-autopartes\views\public\home.php línea 163
[2025-12-11 11:05:04] [ERROR] Error: 2 en C:\xampp\htdocs\inventario-autopartes\views\public\home.php línea 170
[2025-12-11 11:05:04] [ERROR] Error: 2 en C:\xampp\htdocs\inventario-autopartes\views\public\home.php línea 140
[2025-12-11 11:05:04] [ERROR] Error: 2 en C:\xampp\htdocs\inventario-autopartes\views\public\home.php línea 163
[2025-12-11 11:05:04] [ERROR] Error: 2 en C:\xampp\htdocs\inventario-autopartes\views\public\home.php línea 170
[2025-12-11 11:05:04] [ERROR] Error: 2 en C:\xampp\htdocs\inventario-autopartes\views\public\home.php línea 140
[2025-12-11 11:05:04] [ERROR] Error: 2 en C:\xampp\htdocs\inventario-autopartes\views\public\home.php línea 163
[2025-12-11 11:05:04] [ERROR] Error: 2 en C:\xampp\htdocs\inventario-autopartes\views\public\home.php línea 170
[2025-12-11 11:05:04] [ERROR] Error: 2 en C:\xampp\htdocs\inventario-autopartes\views\public\home.php línea 140
[2025-12-11 11:05:04] [ERROR] Error: 2 en C:\xampp\htdocs\inventario-autopartes\views\public\home.php línea 163
[2025-12-11 11:05:04] [ERROR] Error: 2 en C:\xampp\htdocs\inventario-autopartes\views\public\home.php línea 170
[2025-12-11 11:05:04] [ERROR] Error: 2 en C:\xampp\htdocs\inventario-autopartes\views\public\home.php línea 140
[2025-12-11 11:05:04] [ERROR] Error: 2 en C:\xampp\htdocs\inventario-autopartes\views\public\home.php línea 163
[2025-12-11 11:05:04] [ERROR] Error: 2 en C:\xampp\htdocs\inventario-autopartes\views\public\home.php línea 170
[2025-12-11 11:05:04] [ERROR] Error: 2 en C:\xampp\htdocs\inventario-autopartes\views\public\home.php línea 140
[2025-12-11 11:05:04] [ERROR] Error: 2 en C:\xampp\htdocs\inventario-autopartes\views\public\home.php línea 163
[2025-12-11 11:05:04] [ERROR] Error: 2 en C:\xampp\htdocs\inventario-autopartes\views\public\home.php línea 170
[2025-12-11 11:05:05] [ERROR] Error: 2 en C:\xampp\htdocs\inventario-autopartes\controllers\PublicController.php línea 119
[2025-12-11 11:05:05] [ERROR] Error: 2 en C:\xampp\htdocs\inventario-autopartes\views\public\catalogo.php línea 109
[2025-12-11 11:05:05] [ERROR] Error: 2 en C:\xampp\htdocs\inventario-autopartes\views\public\catalogo.php línea 109
[2025-12-11 11:05:05] [ERROR] Error: 2 en C:\xampp\htdocs\inventario-autopartes\views\public\catalogo.php línea 109
[2025-12-11 11:05:05] [ERROR] Error: 2 en C:\xampp\htdocs\inventario-autopartes\views\public\catalogo.php línea 109
[2025-12-11 11:05:05] [ERROR] Error: 2 en C:\xampp\htdocs\inventario-autopartes\views\public\catalogo.php línea 109
[2025-12-11 11:05:05] [ERROR] Error: 2 en C:\xampp\htdocs\inventario-autopartes\views\public\catalogo.php línea 109
[2025-12-11 11:05:05] [ERROR] Error: 2 en C:\xampp\htdocs\inventario-autopartes\views\public\catalogo.php línea 109
[2025-12-11 11:05:05] [ERROR] Error: 2 en C:\xampp\htdocs\inventario-autopartes\views\public\catalogo.php línea 109
[2025-12-11 11:05:05] [ERROR] Error: 2 en C:\xampp\htdocs\inventario-autopartes\views\public\catalogo.php línea 109
[2025-12-11 11:05:05] [ERROR] Error: 2 en C:\xampp\htdocs\inventario-autopartes\views\public\catalogo.php línea 109
[2025-12-11 11:05:05] [ERROR] Error: 2 en C:\xampp\htdocs\inventario-autopartes\views\public\catalogo.php línea 109
[2025-12-11 11:05:05] [ERROR] Error: 2 en C:\xampp\htdocs\inventario-autopartes\views\public\catalogo.php línea 109
[2025-12-11 11:05:05] [ERROR] Error: 2 en C:\xampp\htdocs\inventario-autopartes\views\public\catalogo.php línea 109
[2025-12-11 11:05:05] [ERROR] Error: 2 en C:\xampp\htdocs\inventario-autopartes\views\public\catalogo.php línea 109
[2025-12-11 11:05:05] [ERROR] Error: 2 en C:\xampp\htdocs\inventario-autopartes\views\public\catalogo.php línea 109
[2025-12-11 11:05:05] [ERROR] Error: 2 en C:\xampp\htdocs\inventario-autopartes\views\public\catalogo.php línea 109
[2025-12-11 11:05:05] [CRITICAL] Exception: htmlspecialchars(): Argument #1 ($string) must be of type string, array given en C:\xampp\htdocs\inventario-autopartes\views\public\catalogo.php línea 123
[2025-12-11 11:05:20] [CRITICAL] Exception: htmlspecialchars(): Argument #1 ($string) must be of type string, array given en C:\xampp\htdocs\inventario-autopartes\views\layouts\header.php línea 304
[2025-12-11 11:05:53] [ERROR] Error: 2 en C:\xampp\htdocs\inventario-autopartes\controllers\PublicController.php línea 119
[2025-12-11 11:05:53] [CRITICAL] Exception: htmlspecialchars(): Argument #1 ($string) must be of type string, array given en C:\xampp\htdocs\inventario-autopartes\views\layouts\header.php línea 304
[2025-12-11 11:05:54] [ERROR] Error: 2 en C:\xampp\htdocs\inventario-autopartes\controllers\PublicController.php línea 119
[2025-12-11 11:05:54] [CRITICAL] Exception: htmlspecialchars(): Argument #1 ($string) must be of type string, array given en C:\xampp\htdocs\inventario-autopartes\views\layouts\header.php línea 304
[2025-12-11 11:06:39] [CRITICAL] Exception: htmlspecialchars(): Argument #1 ($string) must be of type string, array given en C:\xampp\htdocs\inventario-autopartes\views\layouts\header.php línea 304
[2025-12-11 11:10:57] [ERROR] Error: 2 en C:\xampp\htdocs\inventario-autopartes\controllers\PublicController.php línea 119
[2025-12-11 11:10:57] [CRITICAL] Exception: htmlspecialchars(): Argument #1 ($string) must be of type string, array given en C:\xampp\htdocs\inventario-autopartes\views\layouts\header.php línea 304
[2025-12-11 11:12:10] [ERROR] Error: 2 en C:\xampp\htdocs\inventario-autopartes\controllers\PublicController.php línea 119
[2025-12-11 11:12:10] [CRITICAL] Exception: syntax error, unexpected token "<", expecting end of file en C:\xampp\htdocs\inventario-autopartes\views\layouts\header.php línea 10
[2025-12-11 11:12:27] [ERROR] Error: 2 en C:\xampp\htdocs\inventario-autopartes\controllers\PublicController.php línea 119
[2025-12-11 11:12:27] [CRITICAL] Fatal Error: Cannot redeclare e() (previously declared in C:\xampp\htdocs\inventario-autopartes\config\config.php:383) en C:\xampp\htdocs\inventario-autopartes\views\layouts\header.php línea 12
[2025-12-11 11:12:45] [ERROR] Error: 2 en C:\xampp\htdocs\inventario-autopartes\controllers\PublicController.php línea 119
[2025-12-11 11:12:45] [CRITICAL] Fatal Error: Cannot redeclare e() (previously declared in C:\xampp\htdocs\inventario-autopartes\config\config.php:383) en C:\xampp\htdocs\inventario-autopartes\views\layouts\header.php línea 12
[2025-12-11 11:12:54] [ERROR] Error: 2 en C:\xampp\htdocs\inventario-autopartes\controllers\PublicController.php línea 119
[2025-12-11 11:12:54] [CRITICAL] Fatal Error: Cannot redeclare e() (previously declared in C:\xampp\htdocs\inventario-autopartes\config\config.php:383) en C:\xampp\htdocs\inventario-autopartes\views\layouts\header.php línea 12
[2025-12-11 11:12:57] [ERROR] Error: 2 en C:\xampp\htdocs\inventario-autopartes\controllers\PublicController.php línea 119
[2025-12-11 11:12:57] [CRITICAL] Exception: htmlspecialchars(): Argument #1 ($string) must be of type string, array given en C:\xampp\htdocs\inventario-autopartes\views\layouts\header.php línea 305
[2025-12-11 11:13:03] [CRITICAL] Exception: htmlspecialchars(): Argument #1 ($string) must be of type string, array given en C:\xampp\htdocs\inventario-autopartes\views\layouts\header.php línea 305
[2025-12-11 11:13:05] [CRITICAL] Exception: htmlspecialchars(): Argument #1 ($string) must be of type string, array given en C:\xampp\htdocs\inventario-autopartes\views\layouts\header.php línea 305
[2025-12-11 11:13:06] [CRITICAL] Exception: htmlspecialchars(): Argument #1 ($string) must be of type string, array given en C:\xampp\htdocs\inventario-autopartes\views\layouts\header.php línea 305
[2025-12-11 11:13:19] [CRITICAL] Exception: htmlspecialchars(): Argument #1 ($string) must be of type string, array given en C:\xampp\htdocs\inventario-autopartes\views\layouts\header.php línea 305
[2025-12-11 11:13:22] [ERROR] Error: 2 en C:\xampp\htdocs\inventario-autopartes\controllers\PublicController.php línea 119
[2025-12-11 11:13:22] [CRITICAL] Exception: htmlspecialchars(): Argument #1 ($string) must be of type string, array given en C:\xampp\htdocs\inventario-autopartes\views\layouts\header.php línea 305
[2025-12-11 11:13:23] [CRITICAL] Exception: htmlspecialchars(): Argument #1 ($string) must be of type string, array given en C:\xampp\htdocs\inventario-autopartes\views\layouts\header.php línea 305
[2025-12-11 11:13:25] [ERROR] Error: 2 en C:\xampp\htdocs\inventario-autopartes\controllers\PublicController.php línea 119
[2025-12-11 11:13:25] [CRITICAL] Exception: htmlspecialchars(): Argument #1 ($string) must be of type string, array given en C:\xampp\htdocs\inventario-autopartes\views\layouts\header.php línea 305
[2025-12-11 11:13:29] [CRITICAL] Exception: htmlspecialchars(): Argument #1 ($string) must be of type string, array given en C:\xampp\htdocs\inventario-autopartes\views\layouts\header.php línea 305
